Google geocoding. address: 140 Market St, San Francisco, CA, args []
Google geocoding. Result: %7B%0A+++%22results%22+%3A+%5B%0A++++++%7B%0A+++++++++%22address_components%22+%3A+%5B%0A++++++++++++%7B%0A+++++++++++++++%22long_name%22+%3A+%22140%22%2C%0A+++++++++++++++%22short_name%22+%3A+%22140%22%2C%0A+++++++++++++++%22types%22+%3A+%5B+%22street_number%22+%5D%0A++++++++++++%7D%2C%0A++++++++++++%7B%0A+++++++++++++++%22long_name%22+%3A+%22Market+Street%22%2C%0A+++++++++++++++%22short_name%22+%3A+%22Market+St%22%2C%0A+++++++++++++++%22types%22+%3A+%5B+%22route%22+%5D%0A++++++++++++%7D%2C%0A++++++++++++%7B%0A+++++++++++++++%22long_name%22+%3A+%22Financial+District%22%2C%0A+++++++++++++++%22short_name%22+%3A+%22Financial+District%22%2C%0A+++++++++++++++%22types%22+%3A+%5B+%22neighborhood%22%2C+%22political%22+%5D%0A++++++++++++%7D%2C%0A++++++++++++%7B%0A+++++++++++++++%22long_name%22+%3A+%22San+Francisco%22%2C%0A+++++++++++++++%22short_name%22+%3A+%22SF%22%2C%0A+++++++++++++++%22types%22+%3A+%5B+%22locality%22%2C+%22political%22+%5D%0A++++++++++++%7D%2C%0A++++++++++++%7B%0A+++++++++++++++%22long_name%22+%3A+%22San+Francisco+County%22%2C%0A+++++++++++++++%22short_name%22+%3A+%22San+Francisco+County%22%2C%0A+++++++++++++++%22types%22+%3A+%5B+%22administrative_area_level_2%22%2C+%22political%22+%5D%0A++++++++++++%7D%2C%0A++++++++++++%7B%0A+++++++++++++++%22long_name%22+%3A+%22California%22%2C%0A+++++++++++++++%22short_name%22+%3A+%22CA%22%2C%0A+++++++++++++++%22types%22+%3A+%5B+%22administrative_area_level_1%22%2C+%22political%22+%5D%0A++++++++++++%7D%2C%0A++++++++++++%7B%0A+++++++++++++++%22long_name%22+%3A+%22United+States%22%2C%0A+++++++++++++++%22short_name%22+%3A+%22US%22%2C%0A+++++++++++++++%22types%22+%3A+%5B+%22country%22%2C+%22political%22+%5D%0A++++++++++++%7D%2C%0A++++++++++++%7B%0A+++++++++++++++%22long_name%22+%3A+%2294105%22%2C%0A+++++++++++++++%22short_name%22+%3A+%2294105%22%2C%0A+++++++++++++++%22types%22+%3A+%5B+%22postal_code%22+%5D%0A++++++++++++%7D%0A+++++++++%5D%2C%0A+++++++++%22formatted_address%22+%3A+%22140+Market+St%2C+San+Francisco%2C+CA+94105%2C+USA%22%2C%0A+++++++++%22geometry%22+%3A+%7B%0A++++++++++++%22location%22+%3A+%7B%0A+++++++++++++++%22lat%22+%3A+37.793711%2C%0A+++++++++++++++%22lng%22+%3A+-122.3958948%0A++++++++++++%7D%2C%0A++++++++++++%22location_type%22+%3A+%22RANGE_INTERPOLATED%22%2C%0A++++++++++++%22viewport%22+%3A+%7B%0A+++++++++++++++%22northeast%22+%3A+%7B%0A++++++++++++++++++%22lat%22+%3A+37.7950599802915%2C%0A++++++++++++++++++%22lng%22+%3A+-122.3945458197085%0A+++++++++++++++%7D%2C%0A+++++++++++++++%22southwest%22+%3A+%7B%0A++++++++++++++++++%22lat%22+%3A+37.7923620197085%2C%0A++++++++++++++++++%22lng%22+%3A+-122.3972437802915%0A+++++++++++++++%7D%0A++++++++++++%7D%0A+++++++++%7D%2C%0A+++++++++%22place_id%22+%3A+%22EisxNDAgTWFya2V0IFN0LCBTYW4gRnJhbmNpc2NvLCBDQSA5NDEwNSwgVVNB%22%2C%0A+++++++++%22types%22+%3A+%5B+%22street_address%22+%5D%0A++++++%7D%0A+++%5D%2C%0A+++%22status%22+%3A+%22OK%22%0A%7D%0A
  [1m[35m (0.1ms)[0m  [1m[34mSELECT sqlite_version(*)[0m
  [1m[35m (2.5ms)[0m  [1m[35mCREATE TABLE "schema_migrations" ("version" varchar NOT NULL PRIMARY KEY)[0m
  [1m[35m (0.7ms)[0m  [1m[35mCREATE TABLE "ar_internal_metadata" ("key" varchar NOT NULL PRIMARY KEY, "value" varchar, "created_at" datetime NOT NULL, "updated_at" datetime NOT NULL)[0m
  [1m[35m (0.2ms)[0m  [1m[34mSELECT "schema_migrations"."version" FROM "schema_migrations" ORDER BY "schema_migrations"."version" ASC[0m
Migrating to CreateUsers (20170916205329)
  [1m[35m (0.1ms)[0m  [1m[36mbegin transaction[0m
  [1m[35m (0.4ms)[0m  [1m[35mCREATE TABLE "users" ("id" INTEGER PRIMARY KEY AUTOINCREMENT NOT NULL, "facebook_id" varchar NOT NULL, "session_token" varchar NOT NULL, "location_id" integer, "visible_radius" integer DEFAULT 10 NOT NULL, "created_at" datetime NOT NULL, "updated_at" datetime NOT NULL)[0m
  [1m[35mSQL (0.2ms)[0m  [1m[32mINSERT INTO "schema_migrations" ("version") VALUES (?)[0m  [["version", "20170916205329"]]
  [1m[35m (0.6ms)[0m  [1m[36mcommit transaction[0m
Migrating to CreateFriendships (20170916205701)
  [1m[35m (0.0ms)[0m  [1m[36mbegin transaction[0m
  [1m[35m (0.3ms)[0m  [1m[35mCREATE TABLE "friendships" ("id" INTEGER PRIMARY KEY AUTOINCREMENT NOT NULL, "user_id" integer, "friend_id" integer, "created_at" datetime NOT NULL, "updated_at" datetime NOT NULL)[0m
  [1m[35mSQL (0.1ms)[0m  [1m[32mINSERT INTO "schema_migrations" ("version") VALUES (?)[0m  [["version", "20170916205701"]]
  [1m[35m (0.9ms)[0m  [1m[36mcommit transaction[0m
Migrating to CreateLocations (20170916211509)
  [1m[35m (0.0ms)[0m  [1m[36mbegin transaction[0m
  [1m[35m (0.3ms)[0m  [1m[35mCREATE TABLE "locations" ("id" INTEGER PRIMARY KEY AUTOINCREMENT NOT NULL, "name" varchar, "latitude" decimal(15,10), "longitude" decimal(15,10), "created_at" datetime NOT NULL, "updated_at" datetime NOT NULL)[0m
  [1m[35m (0.1ms)[0m  [1m[35mCREATE  INDEX "index_locations_on_latitude" ON "locations" ("latitude")[0m
  [1m[35m (0.1ms)[0m  [1m[34m            SELECT sql
            FROM sqlite_master
            WHERE name='index_locations_on_latitude' AND type='index'
            UNION ALL
            SELECT sql
            FROM sqlite_temp_master
            WHERE name='index_locations_on_latitude' AND type='index'
[0m
  [1m[35m (0.1ms)[0m  [1m[35mCREATE  INDEX "index_locations_on_longitude" ON "locations" ("longitude")[0m
  [1m[35m (0.0ms)[0m  [1m[34m            SELECT sql
            FROM sqlite_master
            WHERE name='index_locations_on_longitude' AND type='index'
            UNION ALL
            SELECT sql
            FROM sqlite_temp_master
            WHERE name='index_locations_on_longitude' AND type='index'
[0m
  [1m[35m (0.0ms)[0m  [1m[34m            SELECT sql
            FROM sqlite_master
            WHERE name='index_locations_on_latitude' AND type='index'
            UNION ALL
            SELECT sql
            FROM sqlite_temp_master
            WHERE name='index_locations_on_latitude' AND type='index'
[0m
  [1m[35m (0.1ms)[0m  [1m[35mCREATE  INDEX "index_locations_on_latitude_and_longitude" ON "locations" ("latitude", "longitude")[0m
  [1m[35mSQL (0.1ms)[0m  [1m[32mINSERT INTO "schema_migrations" ("version") VALUES (?)[0m  [["version", "20170916211509"]]
  [1m[35m (1.1ms)[0m  [1m[36mcommit transaction[0m
  [1m[36mActiveRecord::InternalMetadata Load (0.2ms)[0m  [1m[34mSELECT  "ar_internal_metadata".* FROM "ar_internal_metadata" WHERE "ar_internal_metadata"."key" = ? LIMIT ?[0m  [["key", "environment"], ["LIMIT", 1]]
  [1m[35m (0.0ms)[0m  [1m[36mbegin transaction[0m
  [1m[35mSQL (0.2ms)[0m  [1m[32mINSERT INTO "ar_internal_metadata" ("key", "value", "created_at", "updated_at") VALUES (?, ?, ?, ?)[0m  [["key", "environment"], ["value", "development"], ["created_at", "2017-09-16 21:35:46.909578"], ["updated_at", "2017-09-16 21:35:46.909578"]]
  [1m[35m (0.6ms)[0m  [1m[36mcommit transaction[0m
  [1m[35m (0.1ms)[0m  [1m[34mSELECT "schema_migrations"."version" FROM "schema_migrations" ORDER BY "schema_migrations"."version" ASC[0m
  [1m[35m (0.1ms)[0m  [1m[34m            SELECT sql
            FROM sqlite_master
            WHERE name='index_locations_on_latitude_and_longitude' AND type='index'
            UNION ALL
            SELECT sql
            FROM sqlite_temp_master
            WHERE name='index_locations_on_latitude_and_longitude' AND type='index'
[0m
  [1m[35m (0.1ms)[0m  [1m[34m            SELECT sql
            FROM sqlite_master
            WHERE name='index_locations_on_longitude' AND type='index'
            UNION ALL
            SELECT sql
            FROM sqlite_temp_master
            WHERE name='index_locations_on_longitude' AND type='index'
[0m
  [1m[35m (0.1ms)[0m  [1m[34m            SELECT sql
            FROM sqlite_master
            WHERE name='index_locations_on_latitude' AND type='index'
            UNION ALL
            SELECT sql
            FROM sqlite_temp_master
            WHERE name='index_locations_on_latitude' AND type='index'
[0m
  [1m[36mLocation Load (0.9ms)[0m  [1m[34mSELECT "locations".* FROM "locations"[0m
  [1m[36mUser Load (0.1ms)[0m  [1m[34mSELECT "users".* FROM "users"[0m
